<?xml version="1.0" encoding="UTF-8"?>
<!-- Generated by org.testng.reporters.JUnitReportReporter -->
<testsuite hostname="DESKTOP-28161K9" failures="0" tests="1" name="Element.Test.TextTest" time="19.995" errors="0" timestamp="2023-08-17T00:26:26 IST" skipped="0">
  <testcase classname="Element.Test.TextTest" name="textTest" time="19.995"/>
  <system-out/>
</testsuite> <!-- Element.Test.TextTest -->
