<?xml version="1.0" encoding="UTF-8"?>
<!-- Generated by org.testng.reporters.JUnitReportReporter -->
<testsuite hostname="DESKTOP-28161K9" failures="0" tests="1" name="Element.Test.ElementTest" time="31.922" errors="0" timestamp="2023-08-15T22:39:48 IST" skipped="0">
  <testcase classname="Element.Test.ElementTest" name="elementTest" time="31.922"/>
  <system-out/>
</testsuite> <!-- Element.Test.ElementTest -->
